  PantallaInicio.cpp
C:\Users\mariu\OneDrive\Escritorio\PIXEL-CHESS (Con menu)\src\PantallaInicio.h(7,55): warning C4305: 'argumento': truncamiento de 'double' a 'float'
  (compilando archivo de origen "src/PantallaInicio.cpp")
  
C:\Users\mariu\OneDrive\Escritorio\PIXEL-CHESS (Con menu)\src\PantallaInicio.h(7,51): warning C4305: 'argumento': truncamiento de 'double' a 'float'
  (compilando archivo de origen "src/PantallaInicio.cpp")
  
C:\Users\mariu\OneDrive\Escritorio\PIXEL-CHESS (Con menu)\src\Tablero.h(21,96): warning C4305: 'argumento': truncamiento de 'double' a 'float'
  (compilando archivo de origen "src/PantallaInicio.cpp")
  
C:\Users\mariu\OneDrive\Escritorio\PIXEL-CHESS (Con menu)\src\Tablero.h(21,91): warning C4305: 'argumento': truncamiento de 'double' a 'float'
  (compilando archivo de origen "src/PantallaInicio.cpp")
  
C:\Users\mariu\OneDrive\Escritorio\PIXEL-CHESS (Con menu)\src\Tablero.h(21,85): warning C4305: 'argumento': truncamiento de 'double' a 'float'
  (compilando archivo de origen "src/PantallaInicio.cpp")
  
C:\Users\mariu\OneDrive\Escritorio\PIXEL-CHESS (Con menu)\src\Tablero.h(21,79): warning C4305: 'argumento': truncamiento de 'double' a 'float'
  (compilando archivo de origen "src/PantallaInicio.cpp")
  
C:\Users\mariu\OneDrive\Escritorio\PIXEL-CHESS (Con menu)\src\Tablero.h(22,93): warning C4305: 'argumento': truncamiento de 'double' a 'float'
  (compilando archivo de origen "src/PantallaInicio.cpp")
  
C:\Users\mariu\OneDrive\Escritorio\PIXEL-CHESS (Con menu)\src\Tablero.h(22,88): warning C4305: 'argumento': truncamiento de 'double' a 'float'
  (compilando archivo de origen "src/PantallaInicio.cpp")
  
C:\Users\mariu\OneDrive\Escritorio\PIXEL-CHESS (Con menu)\src\Tablero.h(22,82): warning C4305: 'argumento': truncamiento de 'double' a 'float'
  (compilando archivo de origen "src/PantallaInicio.cpp")
  
C:\Users\mariu\OneDrive\Escritorio\PIXEL-CHESS (Con menu)\src\Tablero.h(22,75): warning C4305: 'argumento': truncamiento de 'double' a 'float'
  (compilando archivo de origen "src/PantallaInicio.cpp")
  
C:\Users\mariu\OneDrive\Escritorio\PIXEL-CHESS (Con menu)\src\Tablero.h(25,97): warning C4305: 'argumento': truncamiento de 'double' a 'float'
  (compilando archivo de origen "src/PantallaInicio.cpp")
  
C:\Users\mariu\OneDrive\Escritorio\PIXEL-CHESS (Con menu)\src\Tablero.h(25,92): warning C4305: 'argumento': truncamiento de 'double' a 'float'
  (compilando archivo de origen "src/PantallaInicio.cpp")
  
C:\Users\mariu\OneDrive\Escritorio\PIXEL-CHESS (Con menu)\src\Tablero.h(25,86): warning C4305: 'argumento': truncamiento de 'double' a 'float'
  (compilando archivo de origen "src/PantallaInicio.cpp")
  
C:\Users\mariu\OneDrive\Escritorio\PIXEL-CHESS (Con menu)\src\Tablero.h(25,80): warning C4305: 'argumento': truncamiento de 'double' a 'float'
  (compilando archivo de origen "src/PantallaInicio.cpp")
  
C:\Users\mariu\OneDrive\Escritorio\PIXEL-CHESS (Con menu)\src\Tablero.h(26,99): warning C4305: 'argumento': truncamiento de 'double' a 'float'
  (compilando archivo de origen "src/PantallaInicio.cpp")
  
C:\Users\mariu\OneDrive\Escritorio\PIXEL-CHESS (Con menu)\src\Tablero.h(26,94): warning C4305: 'argumento': truncamiento de 'double' a 'float'
  (compilando archivo de origen "src/PantallaInicio.cpp")
  
C:\Users\mariu\OneDrive\Escritorio\PIXEL-CHESS (Con menu)\src\Tablero.h(26,88): warning C4305: 'argumento': truncamiento de 'double' a 'float'
  (compilando archivo de origen "src/PantallaInicio.cpp")
  
C:\Users\mariu\OneDrive\Escritorio\PIXEL-CHESS (Con menu)\src\Tablero.h(26,81): warning C4305: 'argumento': truncamiento de 'double' a 'float'
  (compilando archivo de origen "src/PantallaInicio.cpp")
  
C:\Users\mariu\OneDrive\Escritorio\PIXEL-CHESS (Con menu)\src\Tablero.h(29,91): warning C4305: 'argumento': truncamiento de 'double' a 'float'
  (compilando archivo de origen "src/PantallaInicio.cpp")
  
C:\Users\mariu\OneDrive\Escritorio\PIXEL-CHESS (Con menu)\src\Tablero.h(29,86): warning C4305: 'argumento': truncamiento de 'double' a 'float'
  (compilando archivo de origen "src/PantallaInicio.cpp")
  
C:\Users\mariu\OneDrive\Escritorio\PIXEL-CHESS (Con menu)\src\Tablero.h(29,80): warning C4305: 'argumento': truncamiento de 'double' a 'float'
  (compilando archivo de origen "src/PantallaInicio.cpp")
  
C:\Users\mariu\OneDrive\Escritorio\PIXEL-CHESS (Con menu)\src\Tablero.h(29,74): warning C4305: 'argumento': truncamiento de 'double' a 'float'
  (compilando archivo de origen "src/PantallaInicio.cpp")
  
C:\Users\mariu\OneDrive\Escritorio\PIXEL-CHESS (Con menu)\src\Tablero.h(30,93): warning C4305: 'argumento': truncamiento de 'double' a 'float'
  (compilando archivo de origen "src/PantallaInicio.cpp")
  
C:\Users\mariu\OneDrive\Escritorio\PIXEL-CHESS (Con menu)\src\Tablero.h(30,88): warning C4305: 'argumento': truncamiento de 'double' a 'float'
  (compilando archivo de origen "src/PantallaInicio.cpp")
  
C:\Users\mariu\OneDrive\Escritorio\PIXEL-CHESS (Con menu)\src\Tablero.h(30,82): warning C4305: 'argumento': truncamiento de 'double' a 'float'
  (compilando archivo de origen "src/PantallaInicio.cpp")
  
C:\Users\mariu\OneDrive\Escritorio\PIXEL-CHESS (Con menu)\src\Tablero.h(30,75): warning C4305: 'argumento': truncamiento de 'double' a 'float'
  (compilando archivo de origen "src/PantallaInicio.cpp")
  
C:\Users\mariu\OneDrive\Escritorio\PIXEL-CHESS (Con menu)\src\Tablero.h(33,85): warning C4305: 'argumento': truncamiento de 'double' a 'float'
  (compilando archivo de origen "src/PantallaInicio.cpp")
  
C:\Users\mariu\OneDrive\Escritorio\PIXEL-CHESS (Con menu)\src\Tablero.h(33,80): warning C4305: 'argumento': truncamiento de 'double' a 'float'
  (compilando archivo de origen "src/PantallaInicio.cpp")
  
C:\Users\mariu\OneDrive\Escritorio\PIXEL-CHESS (Con menu)\src\Tablero.h(33,74): warning C4305: 'argumento': truncamiento de 'double' a 'float'
  (compilando archivo de origen "src/PantallaInicio.cpp")
  
C:\Users\mariu\OneDrive\Escritorio\PIXEL-CHESS (Con menu)\src\Tablero.h(33,68): warning C4305: 'argumento': truncamiento de 'double' a 'float'
  (compilando archivo de origen "src/PantallaInicio.cpp")
  
C:\Users\mariu\OneDrive\Escritorio\PIXEL-CHESS (Con menu)\src\Tablero.h(34,87): warning C4305: 'argumento': truncamiento de 'double' a 'float'
  (compilando archivo de origen "src/PantallaInicio.cpp")
  
C:\Users\mariu\OneDrive\Escritorio\PIXEL-CHESS (Con menu)\src\Tablero.h(34,82): warning C4305: 'argumento': truncamiento de 'double' a 'float'
  (compilando archivo de origen "src/PantallaInicio.cpp")
  
C:\Users\mariu\OneDrive\Escritorio\PIXEL-CHESS (Con menu)\src\Tablero.h(34,76): warning C4305: 'argumento': truncamiento de 'double' a 'float'
  (compilando archivo de origen "src/PantallaInicio.cpp")
  
C:\Users\mariu\OneDrive\Escritorio\PIXEL-CHESS (Con menu)\src\Tablero.h(34,69): warning C4305: 'argumento': truncamiento de 'double' a 'float'
  (compilando archivo de origen "src/PantallaInicio.cpp")
  
C:\Users\mariu\OneDrive\Escritorio\PIXEL-CHESS (Con menu)\src\Tablero.h(37,89): warning C4305: 'argumento': truncamiento de 'double' a 'float'
  (compilando archivo de origen "src/PantallaInicio.cpp")
  
C:\Users\mariu\OneDrive\Escritorio\PIXEL-CHESS (Con menu)\src\Tablero.h(37,83): warning C4305: 'argumento': truncamiento de 'double' a 'float'
  (compilando archivo de origen "src/PantallaInicio.cpp")
  
C:\Users\mariu\OneDrive\Escritorio\PIXEL-CHESS (Con menu)\src\Tablero.h(37,77): warning C4305: 'argumento': truncamiento de 'double' a 'float'
  (compilando archivo de origen "src/PantallaInicio.cpp")
  
C:\Users\mariu\OneDrive\Escritorio\PIXEL-CHESS (Con menu)\src\Tablero.h(37,71): warning C4305: 'argumento': truncamiento de 'double' a 'float'
  (compilando archivo de origen "src/PantallaInicio.cpp")
  
C:\Users\mariu\OneDrive\Escritorio\PIXEL-CHESS (Con menu)\src\Tablero.h(38,91): warning C4305: 'argumento': truncamiento de 'double' a 'float'
  (compilando archivo de origen "src/PantallaInicio.cpp")
  
C:\Users\mariu\OneDrive\Escritorio\PIXEL-CHESS (Con menu)\src\Tablero.h(38,85): warning C4305: 'argumento': truncamiento de 'double' a 'float'
  (compilando archivo de origen "src/PantallaInicio.cpp")
  
C:\Users\mariu\OneDrive\Escritorio\PIXEL-CHESS (Con menu)\src\Tablero.h(38,79): warning C4305: 'argumento': truncamiento de 'double' a 'float'
  (compilando archivo de origen "src/PantallaInicio.cpp")
  
C:\Users\mariu\OneDrive\Escritorio\PIXEL-CHESS (Con menu)\src\Tablero.h(38,72): warning C4305: 'argumento': truncamiento de 'double' a 'float'
  (compilando archivo de origen "src/PantallaInicio.cpp")
  
C:\Users\mariu\OneDrive\Escritorio\PIXEL-CHESS (Con menu)\src\PantallaInicio.cpp(21,71): warning C4244: 'argumento': conversión de 'int' a 'float'; posible pérdida de datos
C:\Users\mariu\OneDrive\Escritorio\PIXEL-CHESS (Con menu)\src\PantallaInicio.cpp(21,54): warning C4244: 'argumento': conversión de 'int' a 'float'; posible pérdida de datos
C:\Users\mariu\OneDrive\Escritorio\PIXEL-CHESS (Con menu)\src\PantallaInicio.cpp(21,37): warning C4244: 'argumento': conversión de 'int' a 'float'; posible pérdida de datos
C:\Users\mariu\OneDrive\Escritorio\PIXEL-CHESS (Con menu)\src\PantallaInicio.cpp(25,68): warning C4244: 'argumento': conversión de 'int' a 'float'; posible pérdida de datos
C:\Users\mariu\OneDrive\Escritorio\PIXEL-CHESS (Con menu)\src\PantallaInicio.cpp(25,52): warning C4244: 'argumento': conversión de 'int' a 'float'; posible pérdida de datos
C:\Users\mariu\OneDrive\Escritorio\PIXEL-CHESS (Con menu)\src\PantallaInicio.cpp(25,36): warning C4244: 'argumento': conversión de 'int' a 'float'; posible pérdida de datos
C:\Users\mariu\OneDrive\Escritorio\PIXEL-CHESS (Con menu)\src\PantallaInicio.cpp(29,71): warning C4244: 'argumento': conversión de 'int' a 'float'; posible pérdida de datos
C:\Users\mariu\OneDrive\Escritorio\PIXEL-CHESS (Con menu)\src\PantallaInicio.cpp(29,54): warning C4244: 'argumento': conversión de 'int' a 'float'; posible pérdida de datos
C:\Users\mariu\OneDrive\Escritorio\PIXEL-CHESS (Con menu)\src\PantallaInicio.cpp(29,37): warning C4244: 'argumento': conversión de 'int' a 'float'; posible pérdida de datos
C:\Users\mariu\OneDrive\Escritorio\PIXEL-CHESS (Con menu)\src\PantallaInicio.cpp(33,68): warning C4244: 'argumento': conversión de 'int' a 'float'; posible pérdida de datos
C:\Users\mariu\OneDrive\Escritorio\PIXEL-CHESS (Con menu)\src\PantallaInicio.cpp(33,52): warning C4244: 'argumento': conversión de 'int' a 'float'; posible pérdida de datos
C:\Users\mariu\OneDrive\Escritorio\PIXEL-CHESS (Con menu)\src\PantallaInicio.cpp(33,36): warning C4244: 'argumento': conversión de 'int' a 'float'; posible pérdida de datos
  PIXEL-CHESS.vcxproj -> C:\Users\mariu\OneDrive\Escritorio\PIXEL-CHESS (Con menu)\bin\PIXEL-CHESS.exe
