  Juego.cpp
C:\Users\mariu\OneDrive\Escritorio\PIXEL-CHESS - copia\src\Tablero.h(18,95): warning C4305: 'argumento': truncamiento de 'double' a 'float'
  (compilando archivo de origen "Juego.cpp")
  
C:\Users\mariu\OneDrive\Escritorio\PIXEL-CHESS - copia\src\Tablero.h(18,89): warning C4305: 'argumento': truncamiento de 'double' a 'float'
  (compilando archivo de origen "Juego.cpp")
  
C:\Users\mariu\OneDrive\Escritorio\PIXEL-CHESS - copia\src\Tablero.h(18,83): warning C4305: 'argumento': truncamiento de 'double' a 'float'
  (compilando archivo de origen "Juego.cpp")
  
C:\Users\mariu\OneDrive\Escritorio\PIXEL-CHESS - copia\src\Tablero.h(18,77): warning C4305: 'argumento': truncamiento de 'double' a 'float'
  (compilando archivo de origen "Juego.cpp")
  
C:\Users\mariu\OneDrive\Escritorio\PIXEL-CHESS - copia\src\Tablero.h(19,96): warning C4305: 'argumento': truncamiento de 'double' a 'float'
  (compilando archivo de origen "Juego.cpp")
  
C:\Users\mariu\OneDrive\Escritorio\PIXEL-CHESS - copia\src\Tablero.h(19,90): warning C4305: 'argumento': truncamiento de 'double' a 'float'
  (compilando archivo de origen "Juego.cpp")
  
C:\Users\mariu\OneDrive\Escritorio\PIXEL-CHESS - copia\src\Tablero.h(19,84): warning C4305: 'argumento': truncamiento de 'double' a 'float'
  (compilando archivo de origen "Juego.cpp")
  
C:\Users\mariu\OneDrive\Escritorio\PIXEL-CHESS - copia\src\Tablero.h(19,77): warning C4305: 'argumento': truncamiento de 'double' a 'float'
  (compilando archivo de origen "Juego.cpp")
  
C:\Users\mariu\OneDrive\Escritorio\PIXEL-CHESS - copia\src\Tablero.h(20,97): warning C4305: 'argumento': truncamiento de 'double' a 'float'
  (compilando archivo de origen "Juego.cpp")
  
C:\Users\mariu\OneDrive\Escritorio\PIXEL-CHESS - copia\src\Tablero.h(20,92): warning C4305: 'argumento': truncamiento de 'double' a 'float'
  (compilando archivo de origen "Juego.cpp")
  
C:\Users\mariu\OneDrive\Escritorio\PIXEL-CHESS - copia\src\Tablero.h(20,86): warning C4305: 'argumento': truncamiento de 'double' a 'float'
  (compilando archivo de origen "Juego.cpp")
  
C:\Users\mariu\OneDrive\Escritorio\PIXEL-CHESS - copia\src\Tablero.h(20,80): warning C4305: 'argumento': truncamiento de 'double' a 'float'
  (compilando archivo de origen "Juego.cpp")
  
C:\Users\mariu\OneDrive\Escritorio\PIXEL-CHESS - copia\src\Tablero.h(21,98): warning C4305: 'argumento': truncamiento de 'double' a 'float'
  (compilando archivo de origen "Juego.cpp")
  
C:\Users\mariu\OneDrive\Escritorio\PIXEL-CHESS - copia\src\Tablero.h(21,93): warning C4305: 'argumento': truncamiento de 'double' a 'float'
  (compilando archivo de origen "Juego.cpp")
  
C:\Users\mariu\OneDrive\Escritorio\PIXEL-CHESS - copia\src\Tablero.h(21,87): warning C4305: 'argumento': truncamiento de 'double' a 'float'
  (compilando archivo de origen "Juego.cpp")
  
C:\Users\mariu\OneDrive\Escritorio\PIXEL-CHESS - copia\src\Tablero.h(21,80): warning C4305: 'argumento': truncamiento de 'double' a 'float'
  (compilando archivo de origen "Juego.cpp")
  
C:\Users\mariu\OneDrive\Escritorio\PIXEL-CHESS - copia\src\Tablero.h(22,103): warning C4305: 'argumento': truncamiento de 'double' a 'float'
  (compilando archivo de origen "Juego.cpp")
  
C:\Users\mariu\OneDrive\Escritorio\PIXEL-CHESS - copia\src\Tablero.h(22,98): warning C4305: 'argumento': truncamiento de 'double' a 'float'
  (compilando archivo de origen "Juego.cpp")
  
C:\Users\mariu\OneDrive\Escritorio\PIXEL-CHESS - copia\src\Tablero.h(22,92): warning C4305: 'argumento': truncamiento de 'double' a 'float'
  (compilando archivo de origen "Juego.cpp")
  
C:\Users\mariu\OneDrive\Escritorio\PIXEL-CHESS - copia\src\Tablero.h(22,86): warning C4305: 'argumento': truncamiento de 'double' a 'float'
  (compilando archivo de origen "Juego.cpp")
  
C:\Users\mariu\OneDrive\Escritorio\PIXEL-CHESS - copia\src\Tablero.h(23,104): warning C4305: 'argumento': truncamiento de 'double' a 'float'
  (compilando archivo de origen "Juego.cpp")
  
C:\Users\mariu\OneDrive\Escritorio\PIXEL-CHESS - copia\src\Tablero.h(23,99): warning C4305: 'argumento': truncamiento de 'double' a 'float'
  (compilando archivo de origen "Juego.cpp")
  
C:\Users\mariu\OneDrive\Escritorio\PIXEL-CHESS - copia\src\Tablero.h(23,93): warning C4305: 'argumento': truncamiento de 'double' a 'float'
  (compilando archivo de origen "Juego.cpp")
  
C:\Users\mariu\OneDrive\Escritorio\PIXEL-CHESS - copia\src\Tablero.h(23,86): warning C4305: 'argumento': truncamiento de 'double' a 'float'
  (compilando archivo de origen "Juego.cpp")
  
C:\Users\mariu\OneDrive\Escritorio\PIXEL-CHESS - copia\src\Tablero.h(24,97): warning C4305: 'argumento': truncamiento de 'double' a 'float'
  (compilando archivo de origen "Juego.cpp")
  
C:\Users\mariu\OneDrive\Escritorio\PIXEL-CHESS - copia\src\Tablero.h(24,92): warning C4305: 'argumento': truncamiento de 'double' a 'float'
  (compilando archivo de origen "Juego.cpp")
  
C:\Users\mariu\OneDrive\Escritorio\PIXEL-CHESS - copia\src\Tablero.h(24,86): warning C4305: 'argumento': truncamiento de 'double' a 'float'
  (compilando archivo de origen "Juego.cpp")
  
C:\Users\mariu\OneDrive\Escritorio\PIXEL-CHESS - copia\src\Tablero.h(24,80): warning C4305: 'argumento': truncamiento de 'double' a 'float'
  (compilando archivo de origen "Juego.cpp")
  
C:\Users\mariu\OneDrive\Escritorio\PIXEL-CHESS - copia\src\Tablero.h(25,98): warning C4305: 'argumento': truncamiento de 'double' a 'float'
  (compilando archivo de origen "Juego.cpp")
  
C:\Users\mariu\OneDrive\Escritorio\PIXEL-CHESS - copia\src\Tablero.h(25,93): warning C4305: 'argumento': truncamiento de 'double' a 'float'
  (compilando archivo de origen "Juego.cpp")
  
C:\Users\mariu\OneDrive\Escritorio\PIXEL-CHESS - copia\src\Tablero.h(25,87): warning C4305: 'argumento': truncamiento de 'double' a 'float'
  (compilando archivo de origen "Juego.cpp")
  
C:\Users\mariu\OneDrive\Escritorio\PIXEL-CHESS - copia\src\Tablero.h(25,80): warning C4305: 'argumento': truncamiento de 'double' a 'float'
  (compilando archivo de origen "Juego.cpp")
  
C:\Users\mariu\OneDrive\Escritorio\PIXEL-CHESS - copia\src\Tablero.h(26,91): warning C4305: 'argumento': truncamiento de 'double' a 'float'
  (compilando archivo de origen "Juego.cpp")
  
C:\Users\mariu\OneDrive\Escritorio\PIXEL-CHESS - copia\src\Tablero.h(26,86): warning C4305: 'argumento': truncamiento de 'double' a 'float'
  (compilando archivo de origen "Juego.cpp")
  
C:\Users\mariu\OneDrive\Escritorio\PIXEL-CHESS - copia\src\Tablero.h(26,80): warning C4305: 'argumento': truncamiento de 'double' a 'float'
  (compilando archivo de origen "Juego.cpp")
  
C:\Users\mariu\OneDrive\Escritorio\PIXEL-CHESS - copia\src\Tablero.h(26,74): warning C4305: 'argumento': truncamiento de 'double' a 'float'
  (compilando archivo de origen "Juego.cpp")
  
C:\Users\mariu\OneDrive\Escritorio\PIXEL-CHESS - copia\src\Tablero.h(27,92): warning C4305: 'argumento': truncamiento de 'double' a 'float'
  (compilando archivo de origen "Juego.cpp")
  
C:\Users\mariu\OneDrive\Escritorio\PIXEL-CHESS - copia\src\Tablero.h(27,87): warning C4305: 'argumento': truncamiento de 'double' a 'float'
  (compilando archivo de origen "Juego.cpp")
  
C:\Users\mariu\OneDrive\Escritorio\PIXEL-CHESS - copia\src\Tablero.h(27,81): warning C4305: 'argumento': truncamiento de 'double' a 'float'
  (compilando archivo de origen "Juego.cpp")
  
C:\Users\mariu\OneDrive\Escritorio\PIXEL-CHESS - copia\src\Tablero.h(27,74): warning C4305: 'argumento': truncamiento de 'double' a 'float'
  (compilando archivo de origen "Juego.cpp")
  
  Ajedrez.cpp
  Alfil.cpp
  Caballo.cpp
  Casilla.cpp
  Peon.cpp
  Pieza.cpp
  Rey.cpp
  Tablero.cpp
C:\Users\mariu\OneDrive\Escritorio\PIXEL-CHESS - copia\src\Tablero.h(18,95): warning C4305: 'argumento': truncamiento de 'double' a 'float'
  (compilando archivo de origen "src/Tablero.cpp")
  
C:\Users\mariu\OneDrive\Escritorio\PIXEL-CHESS - copia\src\Tablero.h(18,89): warning C4305: 'argumento': truncamiento de 'double' a 'float'
  (compilando archivo de origen "src/Tablero.cpp")
  
C:\Users\mariu\OneDrive\Escritorio\PIXEL-CHESS - copia\src\Tablero.h(18,83): warning C4305: 'argumento': truncamiento de 'double' a 'float'
  (compilando archivo de origen "src/Tablero.cpp")
  
C:\Users\mariu\OneDrive\Escritorio\PIXEL-CHESS - copia\src\Tablero.h(18,77): warning C4305: 'argumento': truncamiento de 'double' a 'float'
  (compilando archivo de origen "src/Tablero.cpp")
  
C:\Users\mariu\OneDrive\Escritorio\PIXEL-CHESS - copia\src\Tablero.h(19,96): warning C4305: 'argumento': truncamiento de 'double' a 'float'
  (compilando archivo de origen "src/Tablero.cpp")
  
C:\Users\mariu\OneDrive\Escritorio\PIXEL-CHESS - copia\src\Tablero.h(19,90): warning C4305: 'argumento': truncamiento de 'double' a 'float'
  (compilando archivo de origen "src/Tablero.cpp")
  
C:\Users\mariu\OneDrive\Escritorio\PIXEL-CHESS - copia\src\Tablero.h(19,84): warning C4305: 'argumento': truncamiento de 'double' a 'float'
  (compilando archivo de origen "src/Tablero.cpp")
  
C:\Users\mariu\OneDrive\Escritorio\PIXEL-CHESS - copia\src\Tablero.h(19,77): warning C4305: 'argumento': truncamiento de 'double' a 'float'
  (compilando archivo de origen "src/Tablero.cpp")
  
C:\Users\mariu\OneDrive\Escritorio\PIXEL-CHESS - copia\src\Tablero.h(20,97): warning C4305: 'argumento': truncamiento de 'double' a 'float'
  (compilando archivo de origen "src/Tablero.cpp")
  
C:\Users\mariu\OneDrive\Escritorio\PIXEL-CHESS - copia\src\Tablero.h(20,92): warning C4305: 'argumento': truncamiento de 'double' a 'float'
  (compilando archivo de origen "src/Tablero.cpp")
  
C:\Users\mariu\OneDrive\Escritorio\PIXEL-CHESS - copia\src\Tablero.h(20,86): warning C4305: 'argumento': truncamiento de 'double' a 'float'
  (compilando archivo de origen "src/Tablero.cpp")
  
C:\Users\mariu\OneDrive\Escritorio\PIXEL-CHESS - copia\src\Tablero.h(20,80): warning C4305: 'argumento': truncamiento de 'double' a 'float'
  (compilando archivo de origen "src/Tablero.cpp")
  
C:\Users\mariu\OneDrive\Escritorio\PIXEL-CHESS - copia\src\Tablero.h(21,98): warning C4305: 'argumento': truncamiento de 'double' a 'float'
  (compilando archivo de origen "src/Tablero.cpp")
  
C:\Users\mariu\OneDrive\Escritorio\PIXEL-CHESS - copia\src\Tablero.h(21,93): warning C4305: 'argumento': truncamiento de 'double' a 'float'
  (compilando archivo de origen "src/Tablero.cpp")
  
C:\Users\mariu\OneDrive\Escritorio\PIXEL-CHESS - copia\src\Tablero.h(21,87): warning C4305: 'argumento': truncamiento de 'double' a 'float'
  (compilando archivo de origen "src/Tablero.cpp")
  
C:\Users\mariu\OneDrive\Escritorio\PIXEL-CHESS - copia\src\Tablero.h(21,80): warning C4305: 'argumento': truncamiento de 'double' a 'float'
  (compilando archivo de origen "src/Tablero.cpp")
  
C:\Users\mariu\OneDrive\Escritorio\PIXEL-CHESS - copia\src\Tablero.h(22,103): warning C4305: 'argumento': truncamiento de 'double' a 'float'
  (compilando archivo de origen "src/Tablero.cpp")
  
C:\Users\mariu\OneDrive\Escritorio\PIXEL-CHESS - copia\src\Tablero.h(22,98): warning C4305: 'argumento': truncamiento de 'double' a 'float'
  (compilando archivo de origen "src/Tablero.cpp")
  
C:\Users\mariu\OneDrive\Escritorio\PIXEL-CHESS - copia\src\Tablero.h(22,92): warning C4305: 'argumento': truncamiento de 'double' a 'float'
  (compilando archivo de origen "src/Tablero.cpp")
  
C:\Users\mariu\OneDrive\Escritorio\PIXEL-CHESS - copia\src\Tablero.h(22,86): warning C4305: 'argumento': truncamiento de 'double' a 'float'
  (compilando archivo de origen "src/Tablero.cpp")
  
C:\Users\mariu\OneDrive\Escritorio\PIXEL-CHESS - copia\src\Tablero.h(23,104): warning C4305: 'argumento': truncamiento de 'double' a 'float'
  (compilando archivo de origen "src/Tablero.cpp")
  
C:\Users\mariu\OneDrive\Escritorio\PIXEL-CHESS - copia\src\Tablero.h(23,99): warning C4305: 'argumento': truncamiento de 'double' a 'float'
  (compilando archivo de origen "src/Tablero.cpp")
  
C:\Users\mariu\OneDrive\Escritorio\PIXEL-CHESS - copia\src\Tablero.h(23,93): warning C4305: 'argumento': truncamiento de 'double' a 'float'
  (compilando archivo de origen "src/Tablero.cpp")
  
C:\Users\mariu\OneDrive\Escritorio\PIXEL-CHESS - copia\src\Tablero.h(23,86): warning C4305: 'argumento': truncamiento de 'double' a 'float'
  (compilando archivo de origen "src/Tablero.cpp")
  
C:\Users\mariu\OneDrive\Escritorio\PIXEL-CHESS - copia\src\Tablero.h(24,97): warning C4305: 'argumento': truncamiento de 'double' a 'float'
  (compilando archivo de origen "src/Tablero.cpp")
  
C:\Users\mariu\OneDrive\Escritorio\PIXEL-CHESS - copia\src\Tablero.h(24,92): warning C4305: 'argumento': truncamiento de 'double' a 'float'
  (compilando archivo de origen "src/Tablero.cpp")
  
C:\Users\mariu\OneDrive\Escritorio\PIXEL-CHESS - copia\src\Tablero.h(24,86): warning C4305: 'argumento': truncamiento de 'double' a 'float'
  (compilando archivo de origen "src/Tablero.cpp")
  
C:\Users\mariu\OneDrive\Escritorio\PIXEL-CHESS - copia\src\Tablero.h(24,80): warning C4305: 'argumento': truncamiento de 'double' a 'float'
  (compilando archivo de origen "src/Tablero.cpp")
  
C:\Users\mariu\OneDrive\Escritorio\PIXEL-CHESS - copia\src\Tablero.h(25,98): warning C4305: 'argumento': truncamiento de 'double' a 'float'
  (compilando archivo de origen "src/Tablero.cpp")
  
C:\Users\mariu\OneDrive\Escritorio\PIXEL-CHESS - copia\src\Tablero.h(25,93): warning C4305: 'argumento': truncamiento de 'double' a 'float'
  (compilando archivo de origen "src/Tablero.cpp")
  
C:\Users\mariu\OneDrive\Escritorio\PIXEL-CHESS - copia\src\Tablero.h(25,87): warning C4305: 'argumento': truncamiento de 'double' a 'float'
  (compilando archivo de origen "src/Tablero.cpp")
  
C:\Users\mariu\OneDrive\Escritorio\PIXEL-CHESS - copia\src\Tablero.h(25,80): warning C4305: 'argumento': truncamiento de 'double' a 'float'
  (compilando archivo de origen "src/Tablero.cpp")
  
C:\Users\mariu\OneDrive\Escritorio\PIXEL-CHESS - copia\src\Tablero.h(26,91): warning C4305: 'argumento': truncamiento de 'double' a 'float'
  (compilando archivo de origen "src/Tablero.cpp")
  
C:\Users\mariu\OneDrive\Escritorio\PIXEL-CHESS - copia\src\Tablero.h(26,86): warning C4305: 'argumento': truncamiento de 'double' a 'float'
  (compilando archivo de origen "src/Tablero.cpp")
  
C:\Users\mariu\OneDrive\Escritorio\PIXEL-CHESS - copia\src\Tablero.h(26,80): warning C4305: 'argumento': truncamiento de 'double' a 'float'
  (compilando archivo de origen "src/Tablero.cpp")
  
C:\Users\mariu\OneDrive\Escritorio\PIXEL-CHESS - copia\src\Tablero.h(26,74): warning C4305: 'argumento': truncamiento de 'double' a 'float'
  (compilando archivo de origen "src/Tablero.cpp")
  
C:\Users\mariu\OneDrive\Escritorio\PIXEL-CHESS - copia\src\Tablero.h(27,92): warning C4305: 'argumento': truncamiento de 'double' a 'float'
  (compilando archivo de origen "src/Tablero.cpp")
  
C:\Users\mariu\OneDrive\Escritorio\PIXEL-CHESS - copia\src\Tablero.h(27,87): warning C4305: 'argumento': truncamiento de 'double' a 'float'
  (compilando archivo de origen "src/Tablero.cpp")
  
C:\Users\mariu\OneDrive\Escritorio\PIXEL-CHESS - copia\src\Tablero.h(27,81): warning C4305: 'argumento': truncamiento de 'double' a 'float'
  (compilando archivo de origen "src/Tablero.cpp")
  
C:\Users\mariu\OneDrive\Escritorio\PIXEL-CHESS - copia\src\Tablero.h(27,74): warning C4305: 'argumento': truncamiento de 'double' a 'float'
  (compilando archivo de origen "src/Tablero.cpp")
  
C:\Users\mariu\OneDrive\Escritorio\PIXEL-CHESS - copia\src\Tablero.cpp(44,77): warning C4305: 'argumento': truncamiento de 'double' a 'float'
C:\Users\mariu\OneDrive\Escritorio\PIXEL-CHESS - copia\src\Tablero.cpp(44,72): warning C4305: 'argumento': truncamiento de 'double' a 'float'
C:\Users\mariu\OneDrive\Escritorio\PIXEL-CHESS - copia\src\Tablero.cpp(44,60): warning C4305: 'argumento': truncamiento de 'double' a 'float'
C:\Users\mariu\OneDrive\Escritorio\PIXEL-CHESS - copia\src\Tablero.cpp(45,59): warning C4305: 'argumento': truncamiento de 'double' a 'float'
C:\Users\mariu\OneDrive\Escritorio\PIXEL-CHESS - copia\src\Tablero.cpp(45,54): warning C4305: 'argumento': truncamiento de 'double' a 'float'
C:\Users\mariu\OneDrive\Escritorio\PIXEL-CHESS - copia\src\Tablero.cpp(45,42): warning C4305: 'argumento': truncamiento de 'double' a 'float'
C:\Users\mariu\OneDrive\Escritorio\PIXEL-CHESS - copia\src\Tablero.cpp(46,56): warning C4305: 'argumento': truncamiento de 'double' a 'float'
C:\Users\mariu\OneDrive\Escritorio\PIXEL-CHESS - copia\src\Tablero.cpp(46,51): warning C4305: 'argumento': truncamiento de 'double' a 'float'
C:\Users\mariu\OneDrive\Escritorio\PIXEL-CHESS - copia\src\Tablero.cpp(47,58): warning C4305: 'argumento': truncamiento de 'double' a 'float'
C:\Users\mariu\OneDrive\Escritorio\PIXEL-CHESS - copia\src\Tablero.cpp(47,53): warning C4305: 'argumento': truncamiento de 'double' a 'float'
C:\Users\mariu\OneDrive\Escritorio\PIXEL-CHESS - copia\src\Tablero.cpp(47,41): warning C4305: 'argumento': truncamiento de 'double' a 'float'
C:\Users\mariu\OneDrive\Escritorio\PIXEL-CHESS - copia\src\Tablero.cpp(49,78): warning C4305: 'argumento': truncamiento de 'double' a 'float'
C:\Users\mariu\OneDrive\Escritorio\PIXEL-CHESS - copia\src\Tablero.cpp(49,73): warning C4305: 'argumento': truncamiento de 'double' a 'float'
C:\Users\mariu\OneDrive\Escritorio\PIXEL-CHESS - copia\src\Tablero.cpp(49,67): warning C4305: 'argumento': truncamiento de 'double' a 'float'
C:\Users\mariu\OneDrive\Escritorio\PIXEL-CHESS - copia\src\Tablero.cpp(49,61): warning C4305: 'argumento': truncamiento de 'double' a 'float'
C:\Users\mariu\OneDrive\Escritorio\PIXEL-CHESS - copia\src\Tablero.cpp(50,58): warning C4305: 'argumento': truncamiento de 'double' a 'float'
C:\Users\mariu\OneDrive\Escritorio\PIXEL-CHESS - copia\src\Tablero.cpp(50,53): warning C4305: 'argumento': truncamiento de 'double' a 'float'
C:\Users\mariu\OneDrive\Escritorio\PIXEL-CHESS - copia\src\Tablero.cpp(50,47): warning C4305: 'argumento': truncamiento de 'double' a 'float'
C:\Users\mariu\OneDrive\Escritorio\PIXEL-CHESS - copia\src\Tablero.cpp(50,41): warning C4305: 'argumento': truncamiento de 'double' a 'float'
C:\Users\mariu\OneDrive\Escritorio\PIXEL-CHESS - copia\src\Tablero.cpp(51,57): warning C4305: 'argumento': truncamiento de 'double' a 'float'
C:\Users\mariu\OneDrive\Escritorio\PIXEL-CHESS - copia\src\Tablero.cpp(51,52): warning C4305: 'argumento': truncamiento de 'double' a 'float'
C:\Users\mariu\OneDrive\Escritorio\PIXEL-CHESS - copia\src\Tablero.cpp(51,46): warning C4305: 'argumento': truncamiento de 'double' a 'float'
C:\Users\mariu\OneDrive\Escritorio\PIXEL-CHESS - copia\src\Tablero.cpp(52,57): warning C4305: 'argumento': truncamiento de 'double' a 'float'
C:\Users\mariu\OneDrive\Escritorio\PIXEL-CHESS - copia\src\Tablero.cpp(52,52): warning C4305: 'argumento': truncamiento de 'double' a 'float'
C:\Users\mariu\OneDrive\Escritorio\PIXEL-CHESS - copia\src\Tablero.cpp(52,46): warning C4305: 'argumento': truncamiento de 'double' a 'float'
C:\Users\mariu\OneDrive\Escritorio\PIXEL-CHESS - copia\src\Tablero.cpp(52,40): warning C4305: 'argumento': truncamiento de 'double' a 'float'
C:\Users\mariu\OneDrive\Escritorio\PIXEL-CHESS - copia\src\Tablero.cpp(54,77): warning C4305: 'argumento': truncamiento de 'double' a 'float'
C:\Users\mariu\OneDrive\Escritorio\PIXEL-CHESS - copia\src\Tablero.cpp(54,72): warning C4305: 'argumento': truncamiento de 'double' a 'float'
C:\Users\mariu\OneDrive\Escritorio\PIXEL-CHESS - copia\src\Tablero.cpp(54,66): warning C4305: 'argumento': truncamiento de 'double' a 'float'
C:\Users\mariu\OneDrive\Escritorio\PIXEL-CHESS - copia\src\Tablero.cpp(54,60): warning C4305: 'argumento': truncamiento de 'double' a 'float'
C:\Users\mariu\OneDrive\Escritorio\PIXEL-CHESS - copia\src\Tablero.cpp(55,59): warning C4305: 'argumento': truncamiento de 'double' a 'float'
C:\Users\mariu\OneDrive\Escritorio\PIXEL-CHESS - copia\src\Tablero.cpp(55,54): warning C4305: 'argumento': truncamiento de 'double' a 'float'
C:\Users\mariu\OneDrive\Escritorio\PIXEL-CHESS - copia\src\Tablero.cpp(55,48): warning C4305: 'argumento': truncamiento de 'double' a 'float'
C:\Users\mariu\OneDrive\Escritorio\PIXEL-CHESS - copia\src\Tablero.cpp(55,42): warning C4305: 'argumento': truncamiento de 'double' a 'float'
C:\Users\mariu\OneDrive\Escritorio\PIXEL-CHESS - copia\src\Tablero.cpp(56,56): warning C4305: 'argumento': truncamiento de 'double' a 'float'
C:\Users\mariu\OneDrive\Escritorio\PIXEL-CHESS - copia\src\Tablero.cpp(56,51): warning C4305: 'argumento': truncamiento de 'double' a 'float'
C:\Users\mariu\OneDrive\Escritorio\PIXEL-CHESS - copia\src\Tablero.cpp(56,45): warning C4305: 'argumento': truncamiento de 'double' a 'float'
C:\Users\mariu\OneDrive\Escritorio\PIXEL-CHESS - copia\src\Tablero.cpp(57,58): warning C4305: 'argumento': truncamiento de 'double' a 'float'
C:\Users\mariu\OneDrive\Escritorio\PIXEL-CHESS - copia\src\Tablero.cpp(57,53): warning C4305: 'argumento': truncamiento de 'double' a 'float'
C:\Users\mariu\OneDrive\Escritorio\PIXEL-CHESS - copia\src\Tablero.cpp(57,47): warning C4305: 'argumento': truncamiento de 'double' a 'float'
C:\Users\mariu\OneDrive\Escritorio\PIXEL-CHESS - copia\src\Tablero.cpp(57,41): warning C4305: 'argumento': truncamiento de 'double' a 'float'
C:\Users\mariu\OneDrive\Escritorio\PIXEL-CHESS - copia\src\Tablero.cpp(59,79): warning C4305: 'argumento': truncamiento de 'double' a 'float'
C:\Users\mariu\OneDrive\Escritorio\PIXEL-CHESS - copia\src\Tablero.cpp(59,74): warning C4305: 'argumento': truncamiento de 'double' a 'float'
C:\Users\mariu\OneDrive\Escritorio\PIXEL-CHESS - copia\src\Tablero.cpp(59,68): warning C4305: 'argumento': truncamiento de 'double' a 'float'
C:\Users\mariu\OneDrive\Escritorio\PIXEL-CHESS - copia\src\Tablero.cpp(59,61): warning C4305: 'argumento': truncamiento de 'double' a 'float'
C:\Users\mariu\OneDrive\Escritorio\PIXEL-CHESS - copia\src\Tablero.cpp(60,59): warning C4305: 'argumento': truncamiento de 'double' a 'float'
C:\Users\mariu\OneDrive\Escritorio\PIXEL-CHESS - copia\src\Tablero.cpp(60,54): warning C4305: 'argumento': truncamiento de 'double' a 'float'
C:\Users\mariu\OneDrive\Escritorio\PIXEL-CHESS - copia\src\Tablero.cpp(60,48): warning C4305: 'argumento': truncamiento de 'double' a 'float'
C:\Users\mariu\OneDrive\Escritorio\PIXEL-CHESS - copia\src\Tablero.cpp(60,41): warning C4305: 'argumento': truncamiento de 'double' a 'float'
C:\Users\mariu\OneDrive\Escritorio\PIXEL-CHESS - copia\src\Tablero.cpp(61,58): warning C4305: 'argumento': truncamiento de 'double' a 'float'
C:\Users\mariu\OneDrive\Escritorio\PIXEL-CHESS - copia\src\Tablero.cpp(61,53): warning C4305: 'argumento': truncamiento de 'double' a 'float'
C:\Users\mariu\OneDrive\Escritorio\PIXEL-CHESS - copia\src\Tablero.cpp(61,47): warning C4305: 'argumento': truncamiento de 'double' a 'float'
C:\Users\mariu\OneDrive\Escritorio\PIXEL-CHESS - copia\src\Tablero.cpp(62,58): warning C4305: 'argumento': truncamiento de 'double' a 'float'
C:\Users\mariu\OneDrive\Escritorio\PIXEL-CHESS - copia\src\Tablero.cpp(62,53): warning C4305: 'argumento': truncamiento de 'double' a 'float'
C:\Users\mariu\OneDrive\Escritorio\PIXEL-CHESS - copia\src\Tablero.cpp(62,47): warning C4305: 'argumento': truncamiento de 'double' a 'float'
C:\Users\mariu\OneDrive\Escritorio\PIXEL-CHESS - copia\src\Tablero.cpp(62,40): warning C4305: 'argumento': truncamiento de 'double' a 'float'
C:\Users\mariu\OneDrive\Escritorio\PIXEL-CHESS - copia\src\Tablero.cpp(64,78): warning C4305: 'argumento': truncamiento de 'double' a 'float'
C:\Users\mariu\OneDrive\Escritorio\PIXEL-CHESS - copia\src\Tablero.cpp(64,73): warning C4305: 'argumento': truncamiento de 'double' a 'float'
C:\Users\mariu\OneDrive\Escritorio\PIXEL-CHESS - copia\src\Tablero.cpp(64,67): warning C4305: 'argumento': truncamiento de 'double' a 'float'
C:\Users\mariu\OneDrive\Escritorio\PIXEL-CHESS - copia\src\Tablero.cpp(64,60): warning C4305: 'argumento': truncamiento de 'double' a 'float'
C:\Users\mariu\OneDrive\Escritorio\PIXEL-CHESS - copia\src\Tablero.cpp(65,61): warning C4305: 'argumento': truncamiento de 'double' a 'float'
C:\Users\mariu\OneDrive\Escritorio\PIXEL-CHESS - copia\src\Tablero.cpp(65,56): warning C4305: 'argumento': truncamiento de 'double' a 'float'
C:\Users\mariu\OneDrive\Escritorio\PIXEL-CHESS - copia\src\Tablero.cpp(65,50): warning C4305: 'argumento': truncamiento de 'double' a 'float'
C:\Users\mariu\OneDrive\Escritorio\PIXEL-CHESS - copia\src\Tablero.cpp(65,42): warning C4305: 'argumento': truncamiento de 'double' a 'float'
C:\Users\mariu\OneDrive\Escritorio\PIXEL-CHESS - copia\src\Tablero.cpp(66,57): warning C4305: 'argumento': truncamiento de 'double' a 'float'
C:\Users\mariu\OneDrive\Escritorio\PIXEL-CHESS - copia\src\Tablero.cpp(66,52): warning C4305: 'argumento': truncamiento de 'double' a 'float'
C:\Users\mariu\OneDrive\Escritorio\PIXEL-CHESS - copia\src\Tablero.cpp(66,46): warning C4305: 'argumento': truncamiento de 'double' a 'float'
C:\Users\mariu\OneDrive\Escritorio\PIXEL-CHESS - copia\src\Tablero.cpp(67,59): warning C4305: 'argumento': truncamiento de 'double' a 'float'
C:\Users\mariu\OneDrive\Escritorio\PIXEL-CHESS - copia\src\Tablero.cpp(67,54): warning C4305: 'argumento': truncamiento de 'double' a 'float'
C:\Users\mariu\OneDrive\Escritorio\PIXEL-CHESS - copia\src\Tablero.cpp(67,48): warning C4305: 'argumento': truncamiento de 'double' a 'float'
C:\Users\mariu\OneDrive\Escritorio\PIXEL-CHESS - copia\src\Tablero.cpp(67,41): warning C4305: 'argumento': truncamiento de 'double' a 'float'
  Torre.cpp
  Vector2D.cpp
  Generando código...
  PIXEL-CHESS.vcxproj -> C:\Users\mariu\OneDrive\Escritorio\PIXEL-CHESS - copia\bin\PIXEL-CHESS.exe
